# JRE version: OpenJDK Runtime Environment (8.0_121-b13) (build 1.8.0_121-b13)
# Java VM: OpenJDK 64-Bit Server VM (25.121-b13 mixed mode linux-amd64 compressed oops)
Heap:
 PSYoungGen      total 3500544K, used 3185350K [0x000000067de00000, 0x00000007c0000000, 0x00000007c0000000)
  eden space 2608128K, 100% used [0x000000067de00000,0x000000071d100000,0x000000071d100000)
  from space 892416K, 64% used [0x0000000789280000,0x00000007ac631a58,0x00000007bfa00000)
  to   space 1334784K, 80% used [0x000000071d100000,0x000000075e430a88,0x000000076e880000)
 ParOldGen       total 6470144K, used 5328399K [0x00000003f9a00000, 0x0000000584880000, 0x000000067de00000)
  object space 6470144K, 82% used [0x00000003f9a00000,0x000000053ed83c88,0x0000000584880000)
 Metaspace       used 10632K, capacity 10836K, committed 11008K, reserved 1058816K
  class space    used 1165K, capacity 1248K, committed 1280K, reserved 1048576K
GC Heap History (10 events):
Event: 39.122 GC heap after
Heap after GC invocations=18 (full 4):
 PSYoungGen      total 4380672K, used 500188K [0x000000067de00000, 0x00000007c0000000, 0x00000007c0000000)
  eden space 3485696K, 0% used [0x000000067de00000,0x000000067de00000,0x0000000752a00000)
  from space 894976K, 55% used [0x0000000789600000,0x00000007a7e77200,0x00000007c0000000)
  to   space 896000K, 0% used [0x0000000752a00000,0x0000000752a00000,0x0000000789500000)
 ParOldGen       total 3999232K, used 3608837K [0x00000003f9a00000, 0x00000004edb80000, 0x000000067de00000)
  object space 3999232K, 90% used [0x00000003f9a00000,0x00000004d5e41658,0x00000004edb80000)
 Metaspace       used 3948K, capacity 4972K, committed 5120K, reserved 1056768K
  class space    used 369K, capacity 424K, committed 512K, reserved 1048576K
}
Event: 39.122 GC heap before
{Heap before GC invocations=19 (full 5):
 PSYoungGen      total 4380672K, used 500188K [0x000000067de00000, 0x00000007c0000000, 0x00000007c0000000)
  eden space 3485696K, 0% used [0x000000067de00000,0x000000067de00000,0x0000000752a00000)
  from space 894976K, 55% used [0x0000000789600000,0x00000007a7e77200,0x00000007c0000000)
  to   space 896000K, 0% used [0x0000000752a00000,0x0000000752a00000,0x0000000789500000)
 ParOldGen       total 3999232K, used 3608837K [0x00000003f9a00000, 0x00000004edb80000, 0x000000067de00000)
  object space 3999232K, 90% used [0x00000003f9a00000,0x00000004d5e41658,0x00000004edb80000)
 Metaspace       used 3948K, capacity 4972K, committed 5120K, reserved 1056768K
  class space    used 369K, capacity 424K, committed 512K, reserved 1048576K
Event: 39.745 GC heap after
Heap after GC invocations=19 (full 5):
 PSYoungGen      total 4380672K, used 109953K [0x000000067de00000, 0x00000007c0000000, 0x00000007c0000000)
  eden space 3485696K, 0% used [0x000000067de00000,0x000000067de00000,0x0000000752a00000)
  from space 894976K, 12% used [0x0000000789600000,0x0000000790160580,0x00000007c0000000)
  to   space 896000K, 0% used [0x0000000752a00000,0x0000000752a00000,0x0000000789500000)
 ParOldGen       total 5118464K, used 3998829K [0x00000003f9a00000, 0x0000000532080000, 0x000000067de00000)
  object space 5118464K, 78% used [0x00000003f9a00000,0x00000004edb1b588,0x0000000532080000)
 Metaspace       used 3948K, capacity 4972K, committed 5120K, reserved 1056768K
  class space    used 369K, capacity 424K, committed 512K, reserved 1048576K
}
Event: 43.664 GC heap before
{Heap before GC invocations=20 (full 5):
 PSYoungGen      total 4380672K, used 3595649K [0x000000067de00000, 0x00000007c0000000, 0x00000007c0000000)
  eden space 3485696K, 100% used [0x000000067de00000,0x0000000752a00000,0x0000000752a00000)
  from space 894976K, 12% used [0x0000000789600000,0x0000000790160580,0x00000007c0000000)
  to   space 896000K, 0% used [0x0000000752a00000,0x0000000752a00000,0x0000000789500000)
 ParOldGen       total 5118464K, used 3998829K [0x00000003f9a00000, 0x0000000532080000, 0x000000067de00000)
  object space 5118464K, 78% used [0x00000003f9a00000,0x00000004edb1b588,0x0000000532080000)
 Metaspace       used 3948K, capacity 4972K, committed 5120K, reserved 1056768K
  class space    used 369K, capacity 424K, committed 512K, reserved 1048576K
Event: 43.821 GC heap after
Heap after GC invocations=20 (full 5):
 PSYoungGen      total 3984384K, used 498178K [0x000000067de00000, 0x00000007bfa00000, 0x00000007c0000000)
  eden space 3485696K, 0% used [0x000000067de00000,0x000000067de00000,0x0000000752a00000)
  from space 498688K, 99% used [0x0000000752a00000,0x0000000771080980,0x0000000771100000)
  to   space 892416K, 0% used [0x0000000789280000,0x0000000789280000,0x00000007bfa00000)
 ParOldGen       total 5118464K, used 4108814K [0x00000003f9a00000, 0x0000000532080000, 0x000000067de00000)
  object space 5118464K, 80% used [0x00000003f9a00000,0x00000004f4683988,0x0000000532080000)
 Metaspace       used 3948K, capacity 4972K, committed 5120K, reserved 1056768K
  class space    used 369K, capacity 424K, committed 512K, reserved 1048576K
}
Event: 88.942 GC heap before
{Heap before GC invocations=21 (full 5):
 PSYoungGen      total 3984384K, used 3983874K [0x000000067de00000, 0x00000007bfa00000, 0x00000007c0000000)
  eden space 3485696K, 100% used [0x000000067de00000,0x0000000752a00000,0x0000000752a00000)
  from space 498688K, 99% used [0x0000000752a00000,0x0000000771080980,0x0000000771100000)
  to   space 892416K, 0% used [0x0000000789280000,0x0000000789280000,0x00000007bfa00000)
 ParOldGen       total 5118464K, used 4108814K [0x00000003f9a00000, 0x0000000532080000, 0x000000067de00000)
  object space 5118464K, 80% used [0x00000003f9a00000,0x00000004f4683988,0x0000000532080000)
 Metaspace       used 10632K, capacity 10836K, committed 11008K, reserved 1058816K
  class space    used 1165K, capacity 1248K, committed 1280K, reserved 1048576K
Event: 89.741 GC heap after
Heap after GC invocations=21 (full 5):
 PSYoungGen      total 3500544K, used 892415K [0x000000067de00000, 0x00000007c0000000, 0x00000007c0000000)
  eden space 2608128K, 0% used [0x000000067de00000,0x000000067de00000,0x000000071d100000)
  from space 892416K, 99% used [0x0000000789280000,0x00000007bf9ffea8,0x00000007bfa00000)
  to   space 1334784K, 0% used [0x000000071d100000,0x000000071d100000,0x000000076e880000)
 ParOldGen       total 5118464K, used 4929543K [0x00000003f9a00000, 0x0000000532080000, 0x000000067de00000)
  object space 5118464K, 96% used [0x00000003f9a00000,0x0000000526801fd0,0x0000000532080000)
 Metaspace       used 10632K, capacity 10836K, committed 11008K, reserved 1058816K
  class space    used 1165K, capacity 1248K, committed 1280K, reserved 1048576K
}
Event: 89.741 GC heap before
{Heap before GC invocations=22 (full 6):
 PSYoungGen      total 3500544K, used 892415K [0x000000067de00000, 0x00000007c0000000, 0x00000007c0000000)
  eden space 2608128K, 0% used [0x000000067de00000,0x000000067de00000,0x000000071d100000)
  from space 892416K, 99% used [0x0000000789280000,0x00000007bf9ffea8,0x00000007bfa00000)
  to   space 1334784K, 0% used [0x000000071d100000,0x000000071d100000,0x000000076e880000)
 ParOldGen       total 5118464K, used 4929543K [0x00000003f9a00000, 0x0000000532080000, 0x000000067de00000)
  object space 5118464K, 96% used [0x00000003f9a00000,0x0000000526801fd0,0x0000000532080000)
 Metaspace       used 10632K, capacity 10836K, committed 11008K, reserved 1058816K
  class space    used 1165K, capacity 1248K, committed 1280K, reserved 1048576K
Event: 91.893 GC heap after
Heap after GC invocations=22 (full 6):
 PSYoungGen      total 3500544K, used 577222K [0x000000067de00000, 0x00000007c0000000, 0x00000007c0000000)
  eden space 2608128K, 0% used [0x000000067de00000,0x000000067de00000,0x000000071d100000)
  from space 892416K, 64% used [0x0000000789280000,0x00000007ac631a58,0x00000007bfa00000)
  to   space 1334784K, 0% used [0x000000071d100000,0x000000071d100000,0x000000076e880000)
 ParOldGen       total 6470144K, used 5118154K [0x00000003f9a00000, 0x0000000584880000, 0x000000067de00000)
  object space 6470144K, 79% used [0x00000003f9a00000,0x0000000532032888,0x0000000584880000)
 Metaspace       used 10632K, capacity 10836K, committed 11008K, reserved 1058816K
  class space    used 1165K, capacity 1248K, committed 1280K, reserved 1048576K
}
Event: 95.204 GC heap before
{Heap before GC invocations=23 (full 6):
 PSYoungGen      total 3500544K, used 3185350K [0x000000067de00000, 0x00000007c0000000, 0x00000007c0000000)
  eden space 2608128K, 100% used [0x000000067de00000,0x000000071d100000,0x000000071d100000)
  from space 892416K, 64% used [0x0000000789280000,0x00000007ac631a58,0x00000007bfa00000)
  to   space 1334784K, 0% used [0x000000071d100000,0x000000071d100000,0x000000076e880000)
 ParOldGen       total 6470144K, used 5118154K [0x00000003f9a00000, 0x0000000584880000, 0x000000067de00000)
  object space 6470144K, 79% used [0x00000003f9a00000,0x0000000532032888,0x0000000584880000)
 Metaspace       used 10632K, capacity 10836K, committed 11008K, reserved 1058816K
  class space    used 1165K, capacity 1248K, committed 1280K, reserved 1048576K

